Arguments: 
  C:\Program Files\nodejs\node.exe C:\Program Files (x86)\Yarn\bin\yarn.js

PATH: 
  C:\Windows\system32;C:\Windows;C:\Windows\System32\Wbem;C:\Windows\System32\WindowsPowerShell\v1.0\;C:\Program Files (x86)\Yarn\bin\;C:\Program Files\nodejs\;C:\Program Files\Git\cmd;C:\Program Files\MongoDB\Server\4.4\bin;C:\Program Files (x86)\QuickTime\QTSystem\;C:\Users\liayjavi\AppData\Local\Programs\Python\Python310;C:\Ruby27-x64\bin;C:\Users\liayjavi\AppData\Local\Microsoft\WindowsApps;;C:\Users\liayjavi\AppData\Local\Programs\Microsoft VS Code\bin;C:\Users\liayjavi\AppData\Local\Yarn\bin;C:\Users\liayjavi\AppData\Roaming\npm

Yarn version: 
  1.22.5

Node version: 
  14.18.0

Platform: 
  win32 x64

Trace: 
  Error: getaddrinfo EAI_AGAIN registry.yarnpkg.com
      at GetAddrInfoReqWrap.onlookup [as oncomplete] (dns.js:71:26)

npm manifest: 
  {
    "name": "ldap",
    "version": "1.0.0",
    "description": "",
    "main": "index.js",
    "scripts": {
      "dev": "nodemon --inspect index.js",
      "test": "echo \"Error: no test specified\" && exit 1"
    },
    "author": "",
    "license": "ISC",
    "dependencies": {
      "@sentry/node": "^6.4.1",
      "@sentry/tracing": "^6.4.1",
      "body-parser": "^1.19.0",
      "compression": "^1.7.4",
      "cors": "^2.8.5",
      "express": "^4.17.1",
      "express-validator": "^6.7.0",
      "helmet": "^4.2.0",
      "ldapjs": "^2.2.2",
      "method-override": "^3.0.0",
      "morgan": "^1.10.0"
    },
    "devDependencies": {
      "nodemon": "^2.0.6"
    }
  }

yarn manifest: 
  No manifest

Lockfile: 
  No lockfile
